<?xml version="1.0" encoding="UTF-8"?>
<testsuite xmlns:xsi="http://www.w3.org/2001/XMLSchema-instance" xsi:noNamespaceSchemaLocation="https://maven.apache.org/surefire/maven-surefire-plugin/xsd/surefire-test-report.xsd" name="TestSuite" time="10.993" tests="1" errors="0" skipped="0" failures="1">
  <properties>
[...]
</properties>
  <testcase name="createStudentAccountTest" classname="com.demoqa.tests.PracticeFormTest" time="2.74">
    <failure message="invalid argument: File not found : C:/Tools/1.jpg&#10;  (Session info: chrome=123.0.6312.87)&#10;Build info: version: &apos;4.19.1&apos;, revision: &apos;abe0ee07dc&apos;&#10;System info: os.name: &apos;Mac OS X&apos;, os.arch: &apos;x86_64&apos;, os.version: &apos;14.4.1&apos;, java.version: &apos;11.0.21&apos;&#10;Driver info: org.openqa.selenium.chrome.ChromeDriver&#10;Command: [f1093b68cc7d840f484d8cdda617341f, sendKeysToElement {id=f.2912B029033FC354386A96806AE965CD.d.BCADEFDF2CE20D83A6D3B85FEBB041B1.e.132, value=[Ljava.lang.CharSequence;@e36bb2a}]&#10;Capabilities {acceptInsecureCerts: false, browserName: chrome, browserVersion: 123.0.6312.87, chrome: {chromedriverVersion: 123.0.6312.86 (9b72c47a0536..., userDataDir: /var/folders/p8/kd7pp0gx74s...}, fedcm:accounts: true, goog:chromeOptions: {debuggerAddress: localhost:51257}, networkConnectionEnabled: false, pageLoadStrategy: normal, platformName: mac, proxy: Proxy(), se:cdp: ws://localhost:51257/devtoo..., se:cdpVersion: 123.0.6312.87, setWindowRect: true, strictFileInteractability: false, timeouts: {implicit: 0, pageLoad: 300000, script: 30000}, unhandledPromptBehavior: dismiss and notify, webauthn:extension:credBlob: true, webauthn:extension:largeBlob: true, webauthn:extension:minPinLength: true, webauthn:extension:prf: true, webauthn:virtualAuthenticators: true}&#10;Element: [[ChromeDriver: chrome on mac (f1093b68cc7d840f484d8cdda617341f)] -&gt; id: uploadPicture]&#10;Session ID: f1093b68cc7d840f484d8cdda617341f" type="org.openqa.selenium.InvalidArgumentException">org.openqa.selenium.InvalidArgumentException: 
invalid argument: File not found : C:/Tools/1.jpg
  (Session info: chrome=123.0.6312.87)
Build info: version: '4.19.1', revision: 'abe0ee07dc'
System info: os.name: 'Mac OS X', os.arch: 'x86_64', os.version: '14.4.1', java.version: '11.0.21'
Driver info: org.openqa.selenium.chrome.ChromeDriver
Command: [f1093b68cc7d840f484d8cdda617341f, sendKeysToElement {id=f.2912B029033FC354386A96806AE965CD.d.BCADEFDF2CE20D83A6D3B85FEBB041B1.e.132, value=[Ljava.lang.CharSequence;@e36bb2a}]
Capabilities {acceptInsecureCerts: false, browserName: chrome, browserVersion: 123.0.6312.87, chrome: {chromedriverVersion: 123.0.6312.86 (9b72c47a0536..., userDataDir: /var/folders/p8/kd7pp0gx74s...}, fedcm:accounts: true, goog:chromeOptions: {debuggerAddress: localhost:51257}, networkConnectionEnabled: false, pageLoadStrategy: normal, platformName: mac, proxy: Proxy(), se:cdp: ws://localhost:51257/devtoo..., se:cdpVersion: 123.0.6312.87, setWindowRect: true, strictFileInteractability: false, timeouts: {implicit: 0, pageLoad: 300000, script: 30000}, unhandledPromptBehavior: dismiss and notify, webauthn:extension:credBlob: true, webauthn:extension:largeBlob: true, webauthn:extension:minPinLength: true, webauthn:extension:prf: true, webauthn:virtualAuthenticators: true}
Element: [[ChromeDriver: chrome on mac (f1093b68cc7d840f484d8cdda617341f)] -> id: uploadPicture]
Session ID: f1093b68cc7d840f484d8cdda617341f
	at com.demoqa.tests.PracticeFormTest.createStudentAccountTest(PracticeFormTest.java:27)
</failure>
    <system-out><![CDATA[My OS is Mac OS X
]]></system-out>
    <system-err><![CDATA[SLF4J: Failed to load class "org.slf4j.impl.StaticLoggerBinder".
SLF4J: Defaulting to no-operation (NOP) logger implementation
SLF4J: See http://www.slf4j.org/codes.html#StaticLoggerBinder for further details.
]]></system-err>
  </testcase>
</testsuite>